This file contains any messages produced by compilers while
running configure, to aid debugging if configure makes a mistake.

It was created by bitshred_single configure 0.1, which was
generated by GNU Autoconf 2.68.  Invocation command line was

  $ ./configure 

## --------- ##
## Platform. ##
## --------- ##

hostname = enigma
uname -m = x86_64
uname -r = 3.0.0-30-generic
uname -s = Linux
uname -v = #47-Ubuntu SMP Wed Jan 2 23:16:29 UTC 2013

/usr/bin/uname -p = unknown
/bin/uname -X     = unknown

/bin/arch              = unknown
/usr/bin/arch -k       = unknown
/usr/convex/getsysinfo = unknown
/usr/bin/hostinfo      = unknown
/bin/machine           = unknown
/usr/bin/oslevel       = unknown
/bin/universe          = unknown

PATH: ~/.link
PATH: /usr/local/sbin
PATH: /usr/local/bin
PATH: /usr/sbin
PATH: /usr/bin
PATH: /sbin
PATH: /bin
PATH: /usr/games


## ----------- ##
## Core tests. ##
## ----------- ##

configure:2267: checking for a BSD-compatible install
configure:2335: result: /usr/bin/install -c
configure:2346: checking whether build environment is sane
configure:2396: result: yes
configure:2537: checking for a thread-safe mkdir -p
configure:2576: result: /bin/mkdir -p
configure:2589: checking for gawk
configure:2619: result: no
configure:2589: checking for mawk
configure:2605: found /usr/bin/mawk
configure:2616: result: mawk
configure:2627: checking whether make sets $(MAKE)
configure:2649: result: yes
configure:2781: checking for gcc
configure:2797: found /usr/bin/gcc
configure:2808: result: gcc
configure:3037: checking for C compiler version
configure:3046: gcc --version >&5
gcc (Ubuntu/Linaro 4.6.1-9ubuntu3) 4.6.1
Copyright (C) 2011 Free Software Foundation, Inc.
This is free software; see the source for copying conditions.  There is NO
warranty; not even for MERCHANTABILITY or FITNESS FOR A PARTICULAR PURPOSE.

configure:3057: $? = 0
configure:3046: gcc -v >&5
Using built-in specs.
COLLECT_GCC=gcc
COLLECT_LTO_WRAPPER=/usr/lib/gcc/x86_64-linux-gnu/4.6.1/lto-wrapper
Target: x86_64-linux-gnu
Configured with: ../src/configure -v --with-pkgversion='Ubuntu/Linaro 4.6.1-9ubuntu3' --with-bugurl=file:///usr/share/doc/gcc-4.6/README.Bugs --enable-languages=c,c++,fortran,objc,obj-c++,go --prefix=/usr --program-suffix=-4.6 --enable-shared --enable-linker-build-id --with-system-zlib --libexecdir=/usr/lib --without-included-gettext --enable-threads=posix --with-gxx-include-dir=/usr/include/c++/4.6 --libdir=/usr/lib --enable-nls --with-sysroot=/ --enable-clocale=gnu --enable-libstdcxx-debug --enable-libstdcxx-time=yes --enable-plugin --enable-objc-gc --disable-werror --with-arch-32=i686 --with-tune=generic --enable-checking=release --build=x86_64-linux-gnu --host=x86_64-linux-gnu --target=x86_64-linux-gnu
Thread model: posix
gcc version 4.6.1 (Ubuntu/Linaro 4.6.1-9ubuntu3) 
configure:3057: $? = 0
configure:3046: gcc -V >&5
gcc: error: unrecognized option '-V'
gcc: fatal error: no input files
compilation terminated.
configure:3057: $? = 4
configure:3046: gcc -qversion >&5
gcc: error: unrecognized option '-qversion'
gcc: fatal error: no input files
compilation terminated.
configure:3057: $? = 4
configure:3077: checking whether the C compiler works
configure:3099: gcc    conftest.c  >&5
configure:3103: $? = 0
configure:3151: result: yes
configure:3154: checking for C compiler default output file name
configure:3156: result: a.out
configure:3162: checking for suffix of executables
configure:3169: gcc -o conftest    conftest.c  >&5
configure:3173: $? = 0
configure:3195: result: 
configure:3217: checking whether we are cross compiling
configure:3225: gcc -o conftest    conftest.c  >&5
configure:3229: $? = 0
configure:3236: ./conftest
configure:3240: $? = 0
configure:3255: result: no
configure:3260: checking for suffix of object files
configure:3282: gcc -c   conftest.c >&5
configure:3286: $? = 0
configure:3307: result: o
configure:3311: checking whether we are using the GNU C compiler
configure:3330: gcc -c   conftest.c >&5
configure:3330: $? = 0
configure:3339: result: yes
configure:3348: checking whether gcc accepts -g
configure:3368: gcc -c -g  conftest.c >&5
configure:3368: $? = 0
configure:3409: result: yes
configure:3426: checking for gcc option to accept ISO C89
configure:3490: gcc  -c -g -O2  conftest.c >&5
configure:3490: $? = 0
configure:3503: result: none needed
configure:3534: checking for style of include used by make
configure:3562: result: GNU
configure:3587: checking dependency style of gcc
configure:3697: result: gcc3
configure:3716: checking for bfd_init in -lbfd
configure:3741: gcc -o conftest -g -O2   conftest.c -lbfd   >&5
configure:3741: $? = 0
configure:3750: result: yes
configure:3764: checking for db_create in -ldb
configure:3789: gcc -o conftest -g -O2   conftest.c -ldb  -lbfd  >&5
configure:3789: $? = 0
configure:3798: result: yes
configure:3812: checking for init_disassemble_info in -lopcodes
configure:3837: gcc -o conftest -g -O2   conftest.c -lopcodes  -ldb -lbfd  >&5
configure:3837: $? = 0
configure:3846: result: yes
configure:3866: checking how to run the C preprocessor
configure:3897: gcc -E  conftest.c
configure:3897: $? = 0
configure:3911: gcc -E  conftest.c
conftest.c:14:28: fatal error: ac_nonexistent.h: No such file or directory
compilation terminated.
configure:3911: $? = 1
configure: failed program was:
| /* confdefs.h */
| #define PACKAGE_NAME "bitshred_single"
| #define PACKAGE_TARNAME "bitshred_single"
| #define PACKAGE_VERSION "0.1"
| #define PACKAGE_STRING "bitshred_single 0.1"
| #define PACKAGE_BUGREPORT "jiyongj@cmu.edu"
| #define PACKAGE_URL ""
| #define PACKAGE "bitshred_single"
| #define VERSION "0.1"
| #define HAVE_LIBBFD 1
| #define HAVE_LIBDB 1
| #define HAVE_LIBOPCODES 1
| /* end confdefs.h.  */
| #include <ac_nonexistent.h>
configure:3936: result: gcc -E
configure:3956: gcc -E  conftest.c
configure:3956: $? = 0
configure:3970: gcc -E  conftest.c
conftest.c:14:28: fatal error: ac_nonexistent.h: No such file or directory
compilation terminated.
configure:3970: $? = 1
configure: failed program was:
| /* confdefs.h */
| #define PACKAGE_NAME "bitshred_single"
| #define PACKAGE_TARNAME "bitshred_single"
| #define PACKAGE_VERSION "0.1"
| #define PACKAGE_STRING "bitshred_single 0.1"
| #define PACKAGE_BUGREPORT "jiyongj@cmu.edu"
| #define PACKAGE_URL ""
| #define PACKAGE "bitshred_single"
| #define VERSION "0.1"
| #define HAVE_LIBBFD 1
| #define HAVE_LIBDB 1
| #define HAVE_LIBOPCODES 1
| /* end confdefs.h.  */
| #include <ac_nonexistent.h>
configure:3999: checking for grep that handles long lines and -e
configure:4057: result: /bin/grep
configure:4062: checking for egrep
configure:4124: result: /bin/grep -E
configure:4129: checking for ANSI C header files
configure:4149: gcc -c -g -O2  conftest.c >&5
configure:4149: $? = 0
configure:4222: gcc -o conftest -g -O2   conftest.c -lopcodes -ldb -lbfd  >&5
configure:4222: $? = 0
configure:4222: ./conftest
configure:4222: $? = 0
configure:4233: result: yes
configure:4246: checking for sys/types.h
configure:4246: gcc -c -g -O2  conftest.c >&5
configure:4246: $? = 0
configure:4246: result: yes
configure:4246: checking for sys/stat.h
configure:4246: gcc -c -g -O2  conftest.c >&5
configure:4246: $? = 0
configure:4246: result: yes
configure:4246: checking for stdlib.h
configure:4246: gcc -c -g -O2  conftest.c >&5
configure:4246: $? = 0
configure:4246: result: yes
configure:4246: checking for string.h
configure:4246: gcc -c -g -O2  conftest.c >&5
configure:4246: $? = 0
configure:4246: result: yes
configure:4246: checking for memory.h
configure:4246: gcc -c -g -O2  conftest.c >&5
configure:4246: $? = 0
configure:4246: result: yes
configure:4246: checking for strings.h
configure:4246: gcc -c -g -O2  conftest.c >&5
configure:4246: $? = 0
configure:4246: result: yes
configure:4246: checking for inttypes.h
configure:4246: gcc -c -g -O2  conftest.c >&5
configure:4246: $? = 0
configure:4246: result: yes
configure:4246: checking for stdint.h
configure:4246: gcc -c -g -O2  conftest.c >&5
configure:4246: $? = 0
configure:4246: result: yes
configure:4246: checking for unistd.h
configure:4246: gcc -c -g -O2  conftest.c >&5
configure:4246: $? = 0
configure:4246: result: yes
configure:4261: checking fcntl.h usability
configure:4261: gcc -c -g -O2  conftest.c >&5
configure:4261: $? = 0
configure:4261: result: yes
configure:4261: checking fcntl.h presence
configure:4261: gcc -E  conftest.c
configure:4261: $? = 0
configure:4261: result: yes
configure:4261: checking for fcntl.h
configure:4261: result: yes
configure:4261: checking limits.h usability
configure:4261: gcc -c -g -O2  conftest.c >&5
configure:4261: $? = 0
configure:4261: result: yes
configure:4261: checking limits.h presence
configure:4261: gcc -E  conftest.c
configure:4261: $? = 0
configure:4261: result: yes
configure:4261: checking for limits.h
configure:4261: result: yes
configure:4261: checking for stdint.h
configure:4261: result: yes
configure:4261: checking for stdlib.h
configure:4261: result: yes
configure:4261: checking for string.h
configure:4261: result: yes
configure:4261: checking sys/time.h usability
configure:4261: gcc -c -g -O2  conftest.c >&5
configure:4261: $? = 0
configure:4261: result: yes
configure:4261: checking sys/time.h presence
configure:4261: gcc -E  conftest.c
configure:4261: $? = 0
configure:4261: result: yes
configure:4261: checking for sys/time.h
configure:4261: result: yes
configure:4261: checking for unistd.h
configure:4261: result: yes
configure:4273: checking for inline
configure:4289: gcc -c -g -O2  conftest.c >&5
configure:4289: $? = 0
configure:4297: result: inline
configure:4315: checking for size_t
configure:4315: gcc -c -g -O2  conftest.c >&5
configure:4315: $? = 0
configure:4315: gcc -c -g -O2  conftest.c >&5
conftest.c: In function 'main':
conftest.c:67:21: error: expected expression before ')' token
configure:4315: $? = 1
configure: failed program was:
| /* confdefs.h */
| #define PACKAGE_NAME "bitshred_single"
| #define PACKAGE_TARNAME "bitshred_single"
| #define PACKAGE_VERSION "0.1"
| #define PACKAGE_STRING "bitshred_single 0.1"
| #define PACKAGE_BUGREPORT "jiyongj@cmu.edu"
| #define PACKAGE_URL ""
| #define PACKAGE "bitshred_single"
| #define VERSION "0.1"
| #define HAVE_LIBBFD 1
| #define HAVE_LIBDB 1
| #define HAVE_LIBOPCODES 1
| #define STDC_HEADERS 1
| #define HAVE_SYS_TYPES_H 1
| #define HAVE_SYS_STAT_H 1
| #define HAVE_STDLIB_H 1
| #define HAVE_STRING_H 1
| #define HAVE_MEMORY_H 1
| #define HAVE_STRINGS_H 1
| #define HAVE_INTTYPES_H 1
| #define HAVE_STDINT_H 1
| #define HAVE_UNISTD_H 1
| #define HAVE_FCNTL_H 1
| #define HAVE_LIMITS_H 1
| #define HAVE_STDINT_H 1
| #define HAVE_STDLIB_H 1
| #define HAVE_STRING_H 1
| #define HAVE_SYS_TIME_H 1
| #define HAVE_UNISTD_H 1
| /* end confdefs.h.  */
| #include <stdio.h>
| #ifdef HAVE_SYS_TYPES_H
| # include <sys/types.h>
| #endif
| #ifdef HAVE_SYS_STAT_H
| # include <sys/stat.h>
| #endif
| #ifdef STDC_HEADERS
| # include <stdlib.h>
| # include <stddef.h>
| #else
| # ifdef HAVE_STDLIB_H
| #  include <stdlib.h>
| # endif
| #endif
| #ifdef HAVE_STRING_H
| # if !defined STDC_HEADERS && defined HAVE_MEMORY_H
| #  include <memory.h>
| # endif
| # include <string.h>
| #endif
| #ifdef HAVE_STRINGS_H
| # include <strings.h>
| #endif
| #ifdef HAVE_INTTYPES_H
| # include <inttypes.h>
| #endif
| #ifdef HAVE_STDINT_H
| # include <stdint.h>
| #endif
| #ifdef HAVE_UNISTD_H
| # include <unistd.h>
| #endif
| int
| main ()
| {
| if (sizeof ((size_t)))
| 	    return 0;
|   ;
|   return 0;
| }
configure:4315: result: yes
configure:4326: checking for uint32_t
configure:4326: gcc -c -g -O2  conftest.c >&5
configure:4326: $? = 0
configure:4326: result: yes
configure:4340: checking for uint64_t
configure:4340: gcc -c -g -O2  conftest.c >&5
configure:4340: $? = 0
configure:4340: result: yes
configure:4354: checking for uint8_t
configure:4354: gcc -c -g -O2  conftest.c >&5
configure:4354: $? = 0
configure:4354: result: yes
configure:4372: checking for stdlib.h
configure:4372: result: yes
configure:4382: checking for GNU libc compatible malloc
configure:4406: gcc -o conftest -g -O2   conftest.c -lopcodes -ldb -lbfd  >&5
configure:4406: $? = 0
configure:4406: ./conftest
configure:4406: $? = 0
configure:4416: result: yes
configure:4439: checking for stdlib.h
configure:4439: result: yes
configure:4449: checking for GNU libc compatible realloc
configure:4473: gcc -o conftest -g -O2   conftest.c -lopcodes -ldb -lbfd  >&5
configure:4473: $? = 0
configure:4473: ./conftest
configure:4473: $? = 0
configure:4483: result: yes
configure:4507: checking for gettimeofday
configure:4507: gcc -o conftest -g -O2   conftest.c -lopcodes -ldb -lbfd  >&5
configure:4507: $? = 0
configure:4507: result: yes
configure:4507: checking for memset
configure:4507: gcc -o conftest -g -O2   conftest.c -lopcodes -ldb -lbfd  >&5
conftest.c:59:6: warning: conflicting types for built-in function 'memset' [enabled by default]
configure:4507: $? = 0
configure:4507: result: yes
configure:4507: checking for strdup
configure:4507: gcc -o conftest -g -O2   conftest.c -lopcodes -ldb -lbfd  >&5
conftest.c:60:6: warning: conflicting types for built-in function 'strdup' [enabled by default]
configure:4507: $? = 0
configure:4507: result: yes
configure:4507: checking for strrchr
configure:4507: gcc -o conftest -g -O2   conftest.c -lopcodes -ldb -lbfd  >&5
conftest.c:61:6: warning: conflicting types for built-in function 'strrchr' [enabled by default]
configure:4507: $? = 0
configure:4507: result: yes
configure:4685: creating ./config.status

## ---------------------- ##
## Running config.status. ##
## ---------------------- ##

This file was extended by bitshred_single config.status 0.1, which was
generated by GNU Autoconf 2.68.  Invocation command line was

  CONFIG_FILES    = 
  CONFIG_HEADERS  = 
  CONFIG_LINKS    = 
  CONFIG_COMMANDS = 
  $ ./config.status 

on enigma

config.status:787: creating Makefile
config.status:787: creating src/Makefile
config.status:959: executing depfiles commands

## ---------------- ##
## Cache variables. ##
## ---------------- ##

ac_cv_c_compiler_gnu=yes
ac_cv_c_inline=inline
ac_cv_c_uint32_t=yes
ac_cv_c_uint64_t=yes
ac_cv_c_uint8_t=yes
ac_cv_env_CC_set=
ac_cv_env_CC_value=
ac_cv_env_CFLAGS_set=
ac_cv_env_CFLAGS_value=
ac_cv_env_CPPFLAGS_set=
ac_cv_env_CPPFLAGS_value=
ac_cv_env_CPP_set=
ac_cv_env_CPP_value=
ac_cv_env_LDFLAGS_set=
ac_cv_env_LDFLAGS_value=
ac_cv_env_LIBS_set=
ac_cv_env_LIBS_value=
ac_cv_env_build_alias_set=
ac_cv_env_build_alias_value=
ac_cv_env_host_alias_set=
ac_cv_env_host_alias_value=
ac_cv_env_target_alias_set=
ac_cv_env_target_alias_value=
ac_cv_func_gettimeofday=yes
ac_cv_func_malloc_0_nonnull=yes
ac_cv_func_memset=yes
ac_cv_func_realloc_0_nonnull=yes
ac_cv_func_strdup=yes
ac_cv_func_strrchr=yes
ac_cv_header_fcntl_h=yes
ac_cv_header_inttypes_h=yes
ac_cv_header_limits_h=yes
ac_cv_header_memory_h=yes
ac_cv_header_stdc=yes
ac_cv_header_stdint_h=yes
ac_cv_header_stdlib_h=yes
ac_cv_header_string_h=yes
ac_cv_header_strings_h=yes
ac_cv_header_sys_stat_h=yes
ac_cv_header_sys_time_h=yes
ac_cv_header_sys_types_h=yes
ac_cv_header_unistd_h=yes
ac_cv_lib_bfd_bfd_init=yes
ac_cv_lib_db_db_create=yes
ac_cv_lib_opcodes_init_disassemble_info=yes
ac_cv_objext=o
ac_cv_path_EGREP='/bin/grep -E'
ac_cv_path_GREP=/bin/grep
ac_cv_path_install='/usr/bin/install -c'
ac_cv_path_mkdir=/bin/mkdir
ac_cv_prog_AWK=mawk
ac_cv_prog_CPP='gcc -E'
ac_cv_prog_ac_ct_CC=gcc
ac_cv_prog_cc_c89=
ac_cv_prog_cc_g=yes
ac_cv_prog_make_make_set=yes
ac_cv_type_size_t=yes
am_cv_CC_dependencies_compiler_type=gcc3

## ----------------- ##
## Output variables. ##
## ----------------- ##

ACLOCAL='${SHELL} /home/jiyongj/projects/bitshred/trunk/bitshred_single/missing --run aclocal-1.11'
AMDEPBACKSLASH='\'
AMDEP_FALSE='#'
AMDEP_TRUE=''
AMTAR='${SHELL} /home/jiyongj/projects/bitshred/trunk/bitshred_single/missing --run tar'
AUTOCONF='${SHELL} /home/jiyongj/projects/bitshred/trunk/bitshred_single/missing --run autoconf'
AUTOHEADER='${SHELL} /home/jiyongj/projects/bitshred/trunk/bitshred_single/missing --run autoheader'
AUTOMAKE='${SHELL} /home/jiyongj/projects/bitshred/trunk/bitshred_single/missing --run automake-1.11'
AWK='mawk'
CC='gcc'
CCDEPMODE='depmode=gcc3'
CFLAGS='-g -O2'
CPP='gcc -E'
CPPFLAGS=''
CYGPATH_W='echo'
DEFS='-DPACKAGE_NAME=\"bitshred_single\" -DPACKAGE_TARNAME=\"bitshred_single\" -DPACKAGE_VERSION=\"0.1\" -DPACKAGE_STRING=\"bitshred_single\ 0.1\" -DPACKAGE_BUGREPORT=\"jiyongj@cmu.edu\" -DPACKAGE_URL=\"\" -DPACKAGE=\"bitshred_single\" -DVERSION=\"0.1\" -DHAVE_LIBBFD=1 -DHAVE_LIBDB=1 -DHAVE_LIBOPCODES=1 -DSTDC_HEADERS=1 -DHAVE_SYS_TYPES_H=1 -DHAVE_SYS_STAT_H=1 -DHAVE_STDLIB_H=1 -DHAVE_STRING_H=1 -DHAVE_MEMORY_H=1 -DHAVE_STRINGS_H=1 -DHAVE_INTTYPES_H=1 -DHAVE_STDINT_H=1 -DHAVE_UNISTD_H=1 -DHAVE_FCNTL_H=1 -DHAVE_LIMITS_H=1 -DHAVE_STDINT_H=1 -DHAVE_STDLIB_H=1 -DHAVE_STRING_H=1 -DHAVE_SYS_TIME_H=1 -DHAVE_UNISTD_H=1 -DHAVE_STDLIB_H=1 -DHAVE_MALLOC=1 -DHAVE_STDLIB_H=1 -DHAVE_REALLOC=1 -DHAVE_GETTIMEOFDAY=1 -DHAVE_MEMSET=1 -DHAVE_STRDUP=1 -DHAVE_STRRCHR=1'
DEPDIR='.deps'
ECHO_C=''
ECHO_N='-n'
ECHO_T=''
EGREP='/bin/grep -E'
EXEEXT=''
GREP='/bin/grep'
INSTALL_DATA='${INSTALL} -m 644'
INSTALL_PROGRAM='${INSTALL}'
INSTALL_SCRIPT='${INSTALL}'
INSTALL_STRIP_PROGRAM='$(install_sh) -c -s'
LDFLAGS=''
LIBOBJS=''
LIBS='-lopcodes -ldb -lbfd '
LTLIBOBJS=''
MAKEINFO='${SHELL} /home/jiyongj/projects/bitshred/trunk/bitshred_single/missing --run makeinfo'
MKDIR_P='/bin/mkdir -p'
OBJEXT='o'
PACKAGE='bitshred_single'
PACKAGE_BUGREPORT='jiyongj@cmu.edu'
PACKAGE_NAME='bitshred_single'
PACKAGE_STRING='bitshred_single 0.1'
PACKAGE_TARNAME='bitshred_single'
PACKAGE_URL=''
PACKAGE_VERSION='0.1'
PATH_SEPARATOR=':'
SET_MAKE=''
SHELL='/bin/bash'
STRIP=''
VERSION='0.1'
ac_ct_CC='gcc'
am__EXEEXT_FALSE=''
am__EXEEXT_TRUE='#'
am__fastdepCC_FALSE='#'
am__fastdepCC_TRUE=''
am__include='include'
am__isrc=''
am__leading_dot='.'
am__quote=''
am__tar='${AMTAR} chof - "$$tardir"'
am__untar='${AMTAR} xf -'
bindir='${exec_prefix}/bin'
build_alias=''
datadir='${datarootdir}'
datarootdir='${prefix}/share'
docdir='${datarootdir}/doc/${PACKAGE_TARNAME}'
dvidir='${docdir}'
exec_prefix='${prefix}'
host_alias=''
htmldir='${docdir}'
includedir='${prefix}/include'
infodir='${datarootdir}/info'
install_sh='${SHELL} /home/jiyongj/projects/bitshred/trunk/bitshred_single/install-sh'
libdir='${exec_prefix}/lib'
libexecdir='${exec_prefix}/libexec'
localedir='${datarootdir}/locale'
localstatedir='${prefix}/var'
mandir='${datarootdir}/man'
mkdir_p='/bin/mkdir -p'
oldincludedir='/usr/include'
pdfdir='${docdir}'
prefix='/usr/local'
program_transform_name='s,x,x,'
psdir='${docdir}'
sbindir='${exec_prefix}/sbin'
sharedstatedir='${prefix}/com'
sysconfdir='${prefix}/etc'
target_alias=''

## ----------- ##
## confdefs.h. ##
## ----------- ##

/* confdefs.h */
#define PACKAGE_NAME "bitshred_single"
#define PACKAGE_TARNAME "bitshred_single"
#define PACKAGE_VERSION "0.1"
#define PACKAGE_STRING "bitshred_single 0.1"
#define PACKAGE_BUGREPORT "jiyongj@cmu.edu"
#define PACKAGE_URL ""
#define PACKAGE "bitshred_single"
#define VERSION "0.1"
#define HAVE_LIBBFD 1
#define HAVE_LIBDB 1
#define HAVE_LIBOPCODES 1
#define STDC_HEADERS 1
#define HAVE_SYS_TYPES_H 1
#define HAVE_SYS_STAT_H 1
#define HAVE_STDLIB_H 1
#define HAVE_STRING_H 1
#define HAVE_MEMORY_H 1
#define HAVE_STRINGS_H 1
#define HAVE_INTTYPES_H 1
#define HAVE_STDINT_H 1
#define HAVE_UNISTD_H 1
#define HAVE_FCNTL_H 1
#define HAVE_LIMITS_H 1
#define HAVE_STDINT_H 1
#define HAVE_STDLIB_H 1
#define HAVE_STRING_H 1
#define HAVE_SYS_TIME_H 1
#define HAVE_UNISTD_H 1
#define HAVE_STDLIB_H 1
#define HAVE_MALLOC 1
#define HAVE_STDLIB_H 1
#define HAVE_REALLOC 1
#define HAVE_GETTIMEOFDAY 1
#define HAVE_MEMSET 1
#define HAVE_STRDUP 1
#define HAVE_STRRCHR 1

configure: exit 0

## ---------------------- ##
## Running config.status. ##
## ---------------------- ##

This file was extended by bitshred_single config.status 0.1, which was
generated by GNU Autoconf 2.68.  Invocation command line was

  CONFIG_FILES    = 
  CONFIG_HEADERS  = 
  CONFIG_LINKS    = 
  CONFIG_COMMANDS = 
  $ ./config.status src/Makefile depfiles

on enigma

config.status:787: creating src/Makefile
config.status:959: executing depfiles commands
