This file contains any messages produced by compilers while
running configure, to aid debugging if configure makes a mistake.

It was created by bitshred-openmp configure 0.1, which was
generated by GNU Autoconf 2.67.  Invocation command line was

  $ ./configure 

## --------- ##
## Platform. ##
## --------- ##

hostname = enigma
uname -m = x86_64
uname -r = 2.6.38-8-generic
uname -s = Linux
uname -v = #42-Ubuntu SMP Mon Apr 11 03:31:24 UTC 2011

/usr/bin/uname -p = unknown
/bin/uname -X     = unknown

/bin/arch              = unknown
/usr/bin/arch -k       = unknown
/usr/convex/getsysinfo = unknown
/usr/bin/hostinfo      = unknown
/bin/machine           = unknown
/usr/bin/oslevel       = unknown
/bin/universe          = unknown

PATH: ~/.link
PATH: /usr/local/sbin
PATH: /usr/local/bin
PATH: /usr/sbin
PATH: /usr/bin
PATH: /sbin
PATH: /bin
PATH: /usr/games


## ----------- ##
## Core tests. ##
## ----------- ##

configure:2259: checking for a BSD-compatible install
configure:2327: result: /usr/bin/install -c
configure:2338: checking whether build environment is sane
configure:2388: result: yes
configure:2529: checking for a thread-safe mkdir -p
configure:2568: result: /bin/mkdir -p
configure:2581: checking for gawk
configure:2611: result: no
configure:2581: checking for mawk
configure:2597: found /usr/bin/mawk
configure:2608: result: mawk
configure:2619: checking whether make sets $(MAKE)
configure:2641: result: yes
configure:2773: checking for gcc
configure:2789: found /usr/bin/gcc
configure:2800: result: gcc
configure:3029: checking for C compiler version
configure:3038: gcc --version >&5
gcc (Ubuntu/Linaro 4.5.2-8ubuntu4) 4.5.2
Copyright (C) 2010 Free Software Foundation, Inc.
This is free software; see the source for copying conditions.  There is NO
warranty; not even for MERCHANTABILITY or FITNESS FOR A PARTICULAR PURPOSE.

configure:3049: $? = 0
configure:3038: gcc -v >&5
Using built-in specs.
COLLECT_GCC=gcc
COLLECT_LTO_WRAPPER=/usr/lib/x86_64-linux-gnu/gcc/x86_64-linux-gnu/4.5.2/lto-wrapper
Target: x86_64-linux-gnu
Configured with: ../src/configure -v --with-pkgversion='Ubuntu/Linaro 4.5.2-8ubuntu4' --with-bugurl=file:///usr/share/doc/gcc-4.5/README.Bugs --enable-languages=c,c++,fortran,objc,obj-c++ --prefix=/usr --program-suffix=-4.5 --enable-shared --enable-multiarch --with-multiarch-defaults=x86_64-linux-gnu --enable-linker-build-id --with-system-zlib --libexecdir=/usr/lib/x86_64-linux-gnu --without-included-gettext --enable-threads=posix --with-gxx-include-dir=/usr/include/c++/4.5 --libdir=/usr/lib/x86_64-linux-gnu --enable-nls --with-sysroot=/ --enable-clocale=gnu --enable-libstdcxx-debug --enable-libstdcxx-time=yes --enable-plugin --enable-gold --enable-ld=default --with-plugin-ld=ld.gold --enable-objc-gc --disable-werror --with-arch-32=i686 --with-tune=generic --enable-checking=release --build=x86_64-linux-gnu --host=x86_64-linux-gnu --target=x86_64-linux-gnu
Thread model: posix
gcc version 4.5.2 (Ubuntu/Linaro 4.5.2-8ubuntu4) 
configure:3049: $? = 0
configure:3038: gcc -V >&5
gcc: '-V' option must have argument
configure:3049: $? = 1
configure:3038: gcc -qversion >&5
gcc: unrecognized option '-qversion'
gcc: no input files
configure:3049: $? = 1
configure:3069: checking whether the C compiler works
configure:3091: gcc    conftest.c  >&5
configure:3095: $? = 0
configure:3143: result: yes
configure:3146: checking for C compiler default output file name
configure:3148: result: a.out
configure:3154: checking for suffix of executables
configure:3161: gcc -o conftest    conftest.c  >&5
configure:3165: $? = 0
configure:3187: result: 
configure:3209: checking whether we are cross compiling
configure:3217: gcc -o conftest    conftest.c  >&5
configure:3221: $? = 0
configure:3228: ./conftest
configure:3232: $? = 0
configure:3247: result: no
configure:3252: checking for suffix of object files
configure:3274: gcc -c   conftest.c >&5
configure:3278: $? = 0
configure:3299: result: o
configure:3303: checking whether we are using the GNU C compiler
configure:3322: gcc -c   conftest.c >&5
configure:3322: $? = 0
configure:3331: result: yes
configure:3340: checking whether gcc accepts -g
configure:3360: gcc -c -g  conftest.c >&5
configure:3360: $? = 0
configure:3401: result: yes
configure:3418: checking for gcc option to accept ISO C89
configure:3482: gcc  -c -g -O2  conftest.c >&5
configure:3482: $? = 0
configure:3495: result: none needed
configure:3526: checking for style of include used by make
configure:3554: result: GNU
configure:3579: checking dependency style of gcc
configure:3689: result: gcc3
configure:3720: checking how to run the C preprocessor
configure:3751: gcc -E  conftest.c
configure:3751: $? = 0
configure:3765: gcc -E  conftest.c
conftest.c:11:28: fatal error: ac_nonexistent.h: No such file or directory
compilation terminated.
configure:3765: $? = 1
configure: failed program was:
| /* confdefs.h */
| #define PACKAGE_NAME "bitshred-openmp"
| #define PACKAGE_TARNAME "bitshred-openmp"
| #define PACKAGE_VERSION "0.1"
| #define PACKAGE_STRING "bitshred-openmp 0.1"
| #define PACKAGE_BUGREPORT "jiyongj@cmu.edu"
| #define PACKAGE_URL ""
| #define PACKAGE "bitshred-openmp"
| #define VERSION "0.1"
| /* end confdefs.h.  */
| #include <ac_nonexistent.h>
configure:3790: result: gcc -E
configure:3810: gcc -E  conftest.c
configure:3810: $? = 0
configure:3824: gcc -E  conftest.c
conftest.c:11:28: fatal error: ac_nonexistent.h: No such file or directory
compilation terminated.
configure:3824: $? = 1
configure: failed program was:
| /* confdefs.h */
| #define PACKAGE_NAME "bitshred-openmp"
| #define PACKAGE_TARNAME "bitshred-openmp"
| #define PACKAGE_VERSION "0.1"
| #define PACKAGE_STRING "bitshred-openmp 0.1"
| #define PACKAGE_BUGREPORT "jiyongj@cmu.edu"
| #define PACKAGE_URL ""
| #define PACKAGE "bitshred-openmp"
| #define VERSION "0.1"
| /* end confdefs.h.  */
| #include <ac_nonexistent.h>
configure:3853: checking for grep that handles long lines and -e
configure:3911: result: /bin/grep
configure:3916: checking for egrep
configure:3978: result: /bin/grep -E
configure:3983: checking for ANSI C header files
configure:4003: gcc -c -g -O2  conftest.c >&5
configure:4003: $? = 0
configure:4076: gcc -o conftest -g -O2   conftest.c  >&5
configure:4076: $? = 0
configure:4076: ./conftest
configure:4076: $? = 0
configure:4087: result: yes
configure:4100: checking for sys/types.h
configure:4100: gcc -c -g -O2  conftest.c >&5
configure:4100: $? = 0
configure:4100: result: yes
configure:4100: checking for sys/stat.h
configure:4100: gcc -c -g -O2  conftest.c >&5
configure:4100: $? = 0
configure:4100: result: yes
configure:4100: checking for stdlib.h
configure:4100: gcc -c -g -O2  conftest.c >&5
configure:4100: $? = 0
configure:4100: result: yes
configure:4100: checking for string.h
configure:4100: gcc -c -g -O2  conftest.c >&5
configure:4100: $? = 0
configure:4100: result: yes
configure:4100: checking for memory.h
configure:4100: gcc -c -g -O2  conftest.c >&5
configure:4100: $? = 0
configure:4100: result: yes
configure:4100: checking for strings.h
configure:4100: gcc -c -g -O2  conftest.c >&5
configure:4100: $? = 0
configure:4100: result: yes
configure:4100: checking for inttypes.h
configure:4100: gcc -c -g -O2  conftest.c >&5
configure:4100: $? = 0
configure:4100: result: yes
configure:4100: checking for stdint.h
configure:4100: gcc -c -g -O2  conftest.c >&5
configure:4100: $? = 0
configure:4100: result: yes
configure:4100: checking for unistd.h
configure:4100: gcc -c -g -O2  conftest.c >&5
configure:4100: $? = 0
configure:4100: result: yes
configure:4115: checking fcntl.h usability
configure:4115: gcc -c -g -O2  conftest.c >&5
configure:4115: $? = 0
configure:4115: result: yes
configure:4115: checking fcntl.h presence
configure:4115: gcc -E  conftest.c
configure:4115: $? = 0
configure:4115: result: yes
configure:4115: checking for fcntl.h
configure:4115: result: yes
configure:4115: checking limits.h usability
configure:4115: gcc -c -g -O2  conftest.c >&5
configure:4115: $? = 0
configure:4115: result: yes
configure:4115: checking limits.h presence
configure:4115: gcc -E  conftest.c
configure:4115: $? = 0
configure:4115: result: yes
configure:4115: checking for limits.h
configure:4115: result: yes
configure:4115: checking for stdint.h
configure:4115: result: yes
configure:4115: checking for stdlib.h
configure:4115: result: yes
configure:4115: checking for string.h
configure:4115: result: yes
configure:4115: checking sys/time.h usability
configure:4115: gcc -c -g -O2  conftest.c >&5
configure:4115: $? = 0
configure:4115: result: yes
configure:4115: checking sys/time.h presence
configure:4115: gcc -E  conftest.c
configure:4115: $? = 0
configure:4115: result: yes
configure:4115: checking for sys/time.h
configure:4115: result: yes
configure:4115: checking for unistd.h
configure:4115: result: yes
configure:4127: checking for inline
configure:4143: gcc -c -g -O2  conftest.c >&5
configure:4143: $? = 0
configure:4151: result: inline
configure:4169: checking for size_t
configure:4169: gcc -c -g -O2  conftest.c >&5
configure:4169: $? = 0
configure:4169: gcc -c -g -O2  conftest.c >&5
conftest.c: In function 'main':
conftest.c:64:21: error: expected expression before ')' token
configure:4169: $? = 1
configure: failed program was:
| /* confdefs.h */
| #define PACKAGE_NAME "bitshred-openmp"
| #define PACKAGE_TARNAME "bitshred-openmp"
| #define PACKAGE_VERSION "0.1"
| #define PACKAGE_STRING "bitshred-openmp 0.1"
| #define PACKAGE_BUGREPORT "jiyongj@cmu.edu"
| #define PACKAGE_URL ""
| #define PACKAGE "bitshred-openmp"
| #define VERSION "0.1"
| #define STDC_HEADERS 1
| #define HAVE_SYS_TYPES_H 1
| #define HAVE_SYS_STAT_H 1
| #define HAVE_STDLIB_H 1
| #define HAVE_STRING_H 1
| #define HAVE_MEMORY_H 1
| #define HAVE_STRINGS_H 1
| #define HAVE_INTTYPES_H 1
| #define HAVE_STDINT_H 1
| #define HAVE_UNISTD_H 1
| #define HAVE_FCNTL_H 1
| #define HAVE_LIMITS_H 1
| #define HAVE_STDINT_H 1
| #define HAVE_STDLIB_H 1
| #define HAVE_STRING_H 1
| #define HAVE_SYS_TIME_H 1
| #define HAVE_UNISTD_H 1
| /* end confdefs.h.  */
| #include <stdio.h>
| #ifdef HAVE_SYS_TYPES_H
| # include <sys/types.h>
| #endif
| #ifdef HAVE_SYS_STAT_H
| # include <sys/stat.h>
| #endif
| #ifdef STDC_HEADERS
| # include <stdlib.h>
| # include <stddef.h>
| #else
| # ifdef HAVE_STDLIB_H
| #  include <stdlib.h>
| # endif
| #endif
| #ifdef HAVE_STRING_H
| # if !defined STDC_HEADERS && defined HAVE_MEMORY_H
| #  include <memory.h>
| # endif
| # include <string.h>
| #endif
| #ifdef HAVE_STRINGS_H
| # include <strings.h>
| #endif
| #ifdef HAVE_INTTYPES_H
| # include <inttypes.h>
| #endif
| #ifdef HAVE_STDINT_H
| # include <stdint.h>
| #endif
| #ifdef HAVE_UNISTD_H
| # include <unistd.h>
| #endif
| int
| main ()
| {
| if (sizeof ((size_t)))
| 	    return 0;
|   ;
|   return 0;
| }
configure:4169: result: yes
configure:4180: checking for uint32_t
configure:4180: gcc -c -g -O2  conftest.c >&5
configure:4180: $? = 0
configure:4180: result: yes
configure:4194: checking for uint64_t
configure:4194: gcc -c -g -O2  conftest.c >&5
configure:4194: $? = 0
configure:4194: result: yes
configure:4208: checking for uint8_t
configure:4208: gcc -c -g -O2  conftest.c >&5
configure:4208: $? = 0
configure:4208: result: yes
configure:4226: checking for stdlib.h
configure:4226: result: yes
configure:4236: checking for GNU libc compatible malloc
configure:4260: gcc -o conftest -g -O2   conftest.c  >&5
configure:4260: $? = 0
configure:4260: ./conftest
configure:4260: $? = 0
configure:4270: result: yes
configure:4293: checking for stdlib.h
configure:4293: result: yes
configure:4303: checking for GNU libc compatible realloc
configure:4327: gcc -o conftest -g -O2   conftest.c  >&5
configure:4327: $? = 0
configure:4327: ./conftest
configure:4327: $? = 0
configure:4337: result: yes
configure:4361: checking for gettimeofday
configure:4361: gcc -o conftest -g -O2   conftest.c  >&5
configure:4361: $? = 0
configure:4361: result: yes
configure:4361: checking for memset
configure:4361: gcc -o conftest -g -O2   conftest.c  >&5
conftest.c:56:6: warning: conflicting types for built-in function 'memset'
configure:4361: $? = 0
configure:4361: result: yes
configure:4361: checking for strdup
configure:4361: gcc -o conftest -g -O2   conftest.c  >&5
conftest.c:57:6: warning: conflicting types for built-in function 'strdup'
configure:4361: $? = 0
configure:4361: result: yes
configure:4361: checking for strrchr
configure:4361: gcc -o conftest -g -O2   conftest.c  >&5
conftest.c:58:6: warning: conflicting types for built-in function 'strrchr'
configure:4361: $? = 0
configure:4361: result: yes
configure:4528: creating ./config.status

## ---------------------- ##
## Running config.status. ##
## ---------------------- ##

This file was extended by bitshred-openmp config.status 0.1, which was
generated by GNU Autoconf 2.67.  Invocation command line was

  CONFIG_FILES    = 
  CONFIG_HEADERS  = 
  CONFIG_LINKS    = 
  CONFIG_COMMANDS = 
  $ ./config.status 

on enigma

config.status:783: creating Makefile
config.status:783: creating src/Makefile
config.status:954: executing depfiles commands

## ---------------- ##
## Cache variables. ##
## ---------------- ##

ac_cv_c_compiler_gnu=yes
ac_cv_c_inline=inline
ac_cv_c_uint32_t=yes
ac_cv_c_uint64_t=yes
ac_cv_c_uint8_t=yes
ac_cv_env_CC_set=
ac_cv_env_CC_value=
ac_cv_env_CFLAGS_set=
ac_cv_env_CFLAGS_value=
ac_cv_env_CPPFLAGS_set=
ac_cv_env_CPPFLAGS_value=
ac_cv_env_CPP_set=
ac_cv_env_CPP_value=
ac_cv_env_LDFLAGS_set=
ac_cv_env_LDFLAGS_value=
ac_cv_env_LIBS_set=
ac_cv_env_LIBS_value=
ac_cv_env_build_alias_set=
ac_cv_env_build_alias_value=
ac_cv_env_host_alias_set=
ac_cv_env_host_alias_value=
ac_cv_env_target_alias_set=
ac_cv_env_target_alias_value=
ac_cv_func_gettimeofday=yes
ac_cv_func_malloc_0_nonnull=yes
ac_cv_func_memset=yes
ac_cv_func_realloc_0_nonnull=yes
ac_cv_func_strdup=yes
ac_cv_func_strrchr=yes
ac_cv_header_fcntl_h=yes
ac_cv_header_inttypes_h=yes
ac_cv_header_limits_h=yes
ac_cv_header_memory_h=yes
ac_cv_header_stdc=yes
ac_cv_header_stdint_h=yes
ac_cv_header_stdlib_h=yes
ac_cv_header_string_h=yes
ac_cv_header_strings_h=yes
ac_cv_header_sys_stat_h=yes
ac_cv_header_sys_time_h=yes
ac_cv_header_sys_types_h=yes
ac_cv_header_unistd_h=yes
ac_cv_objext=o
ac_cv_path_EGREP='/bin/grep -E'
ac_cv_path_GREP=/bin/grep
ac_cv_path_install='/usr/bin/install -c'
ac_cv_path_mkdir=/bin/mkdir
ac_cv_prog_AWK=mawk
ac_cv_prog_CPP='gcc -E'
ac_cv_prog_ac_ct_CC=gcc
ac_cv_prog_cc_c89=
ac_cv_prog_cc_g=yes
ac_cv_prog_make_make_set=yes
ac_cv_type_size_t=yes
am_cv_CC_dependencies_compiler_type=gcc3

## ----------------- ##
## Output variables. ##
## ----------------- ##

ACLOCAL='${SHELL} /home/jiyongj/projects/bitshred/branches/bitshred_openmp/missing --run aclocal-1.11'
AMDEPBACKSLASH='\'
AMDEP_FALSE='#'
AMDEP_TRUE=''
AMTAR='${SHELL} /home/jiyongj/projects/bitshred/branches/bitshred_openmp/missing --run tar'
AUTOCONF='${SHELL} /home/jiyongj/projects/bitshred/branches/bitshred_openmp/missing --run autoconf'
AUTOHEADER='${SHELL} /home/jiyongj/projects/bitshred/branches/bitshred_openmp/missing --run autoheader'
AUTOMAKE='${SHELL} /home/jiyongj/projects/bitshred/branches/bitshred_openmp/missing --run automake-1.11'
AWK='mawk'
CC='gcc'
CCDEPMODE='depmode=gcc3'
CFLAGS='-g -O2'
CPP='gcc -E'
CPPFLAGS=''
CYGPATH_W='echo'
DEFS='-DPACKAGE_NAME=\"bitshred-openmp\" -DPACKAGE_TARNAME=\"bitshred-openmp\" -DPACKAGE_VERSION=\"0.1\" -DPACKAGE_STRING=\"bitshred-openmp\ 0.1\" -DPACKAGE_BUGREPORT=\"jiyongj@cmu.edu\" -DPACKAGE_URL=\"\" -DPACKAGE=\"bitshred-openmp\" -DVERSION=\"0.1\" -DSTDC_HEADERS=1 -DHAVE_SYS_TYPES_H=1 -DHAVE_SYS_STAT_H=1 -DHAVE_STDLIB_H=1 -DHAVE_STRING_H=1 -DHAVE_MEMORY_H=1 -DHAVE_STRINGS_H=1 -DHAVE_INTTYPES_H=1 -DHAVE_STDINT_H=1 -DHAVE_UNISTD_H=1 -DHAVE_FCNTL_H=1 -DHAVE_LIMITS_H=1 -DHAVE_STDINT_H=1 -DHAVE_STDLIB_H=1 -DHAVE_STRING_H=1 -DHAVE_SYS_TIME_H=1 -DHAVE_UNISTD_H=1 -DHAVE_STDLIB_H=1 -DHAVE_MALLOC=1 -DHAVE_STDLIB_H=1 -DHAVE_REALLOC=1 -DHAVE_GETTIMEOFDAY=1 -DHAVE_MEMSET=1 -DHAVE_STRDUP=1 -DHAVE_STRRCHR=1'
DEPDIR='.deps'
ECHO_C=''
ECHO_N='-n'
ECHO_T=''
EGREP='/bin/grep -E'
EXEEXT=''
GREP='/bin/grep'
INSTALL_DATA='${INSTALL} -m 644'
INSTALL_PROGRAM='${INSTALL}'
INSTALL_SCRIPT='${INSTALL}'
INSTALL_STRIP_PROGRAM='$(install_sh) -c -s'
LDFLAGS=''
LIBOBJS=''
LIBS=''
LTLIBOBJS=''
MAKEINFO='${SHELL} /home/jiyongj/projects/bitshred/branches/bitshred_openmp/missing --run makeinfo'
MKDIR_P='/bin/mkdir -p'
OBJEXT='o'
PACKAGE='bitshred-openmp'
PACKAGE_BUGREPORT='jiyongj@cmu.edu'
PACKAGE_NAME='bitshred-openmp'
PACKAGE_STRING='bitshred-openmp 0.1'
PACKAGE_TARNAME='bitshred-openmp'
PACKAGE_URL=''
PACKAGE_VERSION='0.1'
PATH_SEPARATOR=':'
SET_MAKE=''
SHELL='/bin/bash'
STRIP=''
VERSION='0.1'
ac_ct_CC='gcc'
am__EXEEXT_FALSE=''
am__EXEEXT_TRUE='#'
am__fastdepCC_FALSE='#'
am__fastdepCC_TRUE=''
am__include='include'
am__isrc=''
am__leading_dot='.'
am__quote=''
am__tar='${AMTAR} chof - "$$tardir"'
am__untar='${AMTAR} xf -'
bindir='${exec_prefix}/bin'
build_alias=''
datadir='${datarootdir}'
datarootdir='${prefix}/share'
docdir='${datarootdir}/doc/${PACKAGE_TARNAME}'
dvidir='${docdir}'
exec_prefix='${prefix}'
host_alias=''
htmldir='${docdir}'
includedir='${prefix}/include'
infodir='${datarootdir}/info'
install_sh='${SHELL} /home/jiyongj/projects/bitshred/branches/bitshred_openmp/install-sh'
libdir='${exec_prefix}/lib'
libexecdir='${exec_prefix}/libexec'
localedir='${datarootdir}/locale'
localstatedir='${prefix}/var'
mandir='${datarootdir}/man'
mkdir_p='/bin/mkdir -p'
oldincludedir='/usr/include'
pdfdir='${docdir}'
prefix='/usr/local'
program_transform_name='s,x,x,'
psdir='${docdir}'
sbindir='${exec_prefix}/sbin'
sharedstatedir='${prefix}/com'
sysconfdir='${prefix}/etc'
target_alias=''

## ----------- ##
## confdefs.h. ##
## ----------- ##

/* confdefs.h */
#define PACKAGE_NAME "bitshred-openmp"
#define PACKAGE_TARNAME "bitshred-openmp"
#define PACKAGE_VERSION "0.1"
#define PACKAGE_STRING "bitshred-openmp 0.1"
#define PACKAGE_BUGREPORT "jiyongj@cmu.edu"
#define PACKAGE_URL ""
#define PACKAGE "bitshred-openmp"
#define VERSION "0.1"
#define STDC_HEADERS 1
#define HAVE_SYS_TYPES_H 1
#define HAVE_SYS_STAT_H 1
#define HAVE_STDLIB_H 1
#define HAVE_STRING_H 1
#define HAVE_MEMORY_H 1
#define HAVE_STRINGS_H 1
#define HAVE_INTTYPES_H 1
#define HAVE_STDINT_H 1
#define HAVE_UNISTD_H 1
#define HAVE_FCNTL_H 1
#define HAVE_LIMITS_H 1
#define HAVE_STDINT_H 1
#define HAVE_STDLIB_H 1
#define HAVE_STRING_H 1
#define HAVE_SYS_TIME_H 1
#define HAVE_UNISTD_H 1
#define HAVE_STDLIB_H 1
#define HAVE_MALLOC 1
#define HAVE_STDLIB_H 1
#define HAVE_REALLOC 1
#define HAVE_GETTIMEOFDAY 1
#define HAVE_MEMSET 1
#define HAVE_STRDUP 1
#define HAVE_STRRCHR 1

configure: exit 0
