This file contains any messages produced by compilers while
running configure, to aid debugging if configure makes a mistake.

It was created by bitshred_single_bdb configure 0.9, which was
generated by GNU Autoconf 2.68.  Invocation command line was

  $ ./configure --no-create --no-recursion

## --------- ##
## Platform. ##
## --------- ##

hostname = enigma
uname -m = x86_64
uname -r = 3.0.0-30-generic
uname -s = Linux
uname -v = #47-Ubuntu SMP Wed Jan 2 23:16:29 UTC 2013

/usr/bin/uname -p = unknown
/bin/uname -X     = unknown

/bin/arch              = unknown
/usr/bin/arch -k       = unknown
/usr/convex/getsysinfo = unknown
/usr/bin/hostinfo      = unknown
/bin/machine           = unknown
/usr/bin/oslevel       = unknown
/bin/universe          = unknown

PATH: ~/.link
PATH: /usr/local/sbin
PATH: /usr/local/bin
PATH: /usr/sbin
PATH: /usr/bin
PATH: /sbin
PATH: /bin
PATH: /usr/games


## ----------- ##
## Core tests. ##
## ----------- ##

configure:2268: checking for a BSD-compatible install
configure:2336: result: /usr/bin/install -c
configure:2347: checking whether build environment is sane
configure:2397: result: yes
configure:2538: checking for a thread-safe mkdir -p
configure:2577: result: /bin/mkdir -p
configure:2590: checking for gawk
configure:2620: result: no
configure:2590: checking for mawk
configure:2606: found /usr/bin/mawk
configure:2617: result: mawk
configure:2628: checking whether make sets $(MAKE)
configure:2650: result: yes
configure:2782: checking for gcc
configure:2798: found /usr/bin/gcc
configure:2809: result: gcc
configure:3038: checking for C compiler version
configure:3047: gcc --version >&5
gcc (Ubuntu/Linaro 4.6.1-9ubuntu3) 4.6.1
Copyright (C) 2011 Free Software Foundation, Inc.
This is free software; see the source for copying conditions.  There is NO
warranty; not even for MERCHANTABILITY or FITNESS FOR A PARTICULAR PURPOSE.

configure:3058: $? = 0
configure:3047: gcc -v >&5
Using built-in specs.
COLLECT_GCC=gcc
COLLECT_LTO_WRAPPER=/usr/lib/gcc/x86_64-linux-gnu/4.6.1/lto-wrapper
Target: x86_64-linux-gnu
Configured with: ../src/configure -v --with-pkgversion='Ubuntu/Linaro 4.6.1-9ubuntu3' --with-bugurl=file:///usr/share/doc/gcc-4.6/README.Bugs --enable-languages=c,c++,fortran,objc,obj-c++,go --prefix=/usr --program-suffix=-4.6 --enable-shared --enable-linker-build-id --with-system-zlib --libexecdir=/usr/lib --without-included-gettext --enable-threads=posix --with-gxx-include-dir=/usr/include/c++/4.6 --libdir=/usr/lib --enable-nls --with-sysroot=/ --enable-clocale=gnu --enable-libstdcxx-debug --enable-libstdcxx-time=yes --enable-plugin --enable-objc-gc --disable-werror --with-arch-32=i686 --with-tune=generic --enable-checking=release --build=x86_64-linux-gnu --host=x86_64-linux-gnu --target=x86_64-linux-gnu
Thread model: posix
gcc version 4.6.1 (Ubuntu/Linaro 4.6.1-9ubuntu3) 
configure:3058: $? = 0
configure:3047: gcc -V >&5
gcc: error: unrecognized option '-V'
gcc: fatal error: no input files
compilation terminated.
configure:3058: $? = 4
configure:3047: gcc -qversion >&5
gcc: error: unrecognized option '-qversion'
gcc: fatal error: no input files
compilation terminated.
configure:3058: $? = 4
configure:3078: checking whether the C compiler works
configure:3100: gcc    conftest.c  >&5
configure:3104: $? = 0
configure:3152: result: yes
configure:3155: checking for C compiler default output file name
configure:3157: result: a.out
configure:3163: checking for suffix of executables
configure:3170: gcc -o conftest    conftest.c  >&5
configure:3174: $? = 0
configure:3196: result: 
configure:3218: checking whether we are cross compiling
configure:3226: gcc -o conftest    conftest.c  >&5
configure:3230: $? = 0
configure:3237: ./conftest
configure:3241: $? = 0
configure:3256: result: no
configure:3261: checking for suffix of object files
configure:3283: gcc -c   conftest.c >&5
configure:3287: $? = 0
configure:3308: result: o
configure:3312: checking whether we are using the GNU C compiler
configure:3331: gcc -c   conftest.c >&5
configure:3331: $? = 0
configure:3340: result: yes
configure:3349: checking whether gcc accepts -g
configure:3369: gcc -c -g  conftest.c >&5
configure:3369: $? = 0
configure:3410: result: yes
configure:3427: checking for gcc option to accept ISO C89
configure:3491: gcc  -c -g -O2  conftest.c >&5
configure:3491: $? = 0
configure:3504: result: none needed
configure:3535: checking for style of include used by make
configure:3563: result: GNU
configure:3588: checking dependency style of gcc
configure:3698: result: gcc3
configure:3717: checking for bfd_init in -lbfd
configure:3742: gcc -o conftest -g -O2   conftest.c -lbfd   >&5
configure:3742: $? = 0
configure:3751: result: yes
configure:3765: checking for db_create in -ldb
configure:3790: gcc -o conftest -g -O2   conftest.c -ldb  -lbfd  >&5
configure:3790: $? = 0
configure:3799: result: yes
configure:3813: checking for init_disassemble_info in -lopcodes
configure:3838: gcc -o conftest -g -O2   conftest.c -lopcodes  -ldb -lbfd  >&5
configure:3838: $? = 0
configure:3847: result: yes
configure:3867: checking how to run the C preprocessor
configure:3898: gcc -E  conftest.c
configure:3898: $? = 0
configure:3912: gcc -E  conftest.c
conftest.c:14:28: fatal error: ac_nonexistent.h: No such file or directory
compilation terminated.
configure:3912: $? = 1
configure: failed program was:
| /* confdefs.h */
| #define PACKAGE_NAME "bitshred_single_bdb"
| #define PACKAGE_TARNAME "bitshred_single_bdb"
| #define PACKAGE_VERSION "0.9"
| #define PACKAGE_STRING "bitshred_single_bdb 0.9"
| #define PACKAGE_BUGREPORT "jiyongj@cmu.edu"
| #define PACKAGE_URL ""
| #define PACKAGE "bitshred_single_bdb"
| #define VERSION "0.9"
| #define HAVE_LIBBFD 1
| #define HAVE_LIBDB 1
| #define HAVE_LIBOPCODES 1
| /* end confdefs.h.  */
| #include <ac_nonexistent.h>
configure:3937: result: gcc -E
configure:3957: gcc -E  conftest.c
configure:3957: $? = 0
configure:3971: gcc -E  conftest.c
conftest.c:14:28: fatal error: ac_nonexistent.h: No such file or directory
compilation terminated.
configure:3971: $? = 1
configure: failed program was:
| /* confdefs.h */
| #define PACKAGE_NAME "bitshred_single_bdb"
| #define PACKAGE_TARNAME "bitshred_single_bdb"
| #define PACKAGE_VERSION "0.9"
| #define PACKAGE_STRING "bitshred_single_bdb 0.9"
| #define PACKAGE_BUGREPORT "jiyongj@cmu.edu"
| #define PACKAGE_URL ""
| #define PACKAGE "bitshred_single_bdb"
| #define VERSION "0.9"
| #define HAVE_LIBBFD 1
| #define HAVE_LIBDB 1
| #define HAVE_LIBOPCODES 1
| /* end confdefs.h.  */
| #include <ac_nonexistent.h>
configure:4000: checking for grep that handles long lines and -e
configure:4058: result: /bin/grep
configure:4063: checking for egrep
configure:4125: result: /bin/grep -E
configure:4130: checking for ANSI C header files
configure:4150: gcc -c -g -O2  conftest.c >&5
configure:4150: $? = 0
configure:4223: gcc -o conftest -g -O2   conftest.c -lopcodes -ldb -lbfd  >&5
configure:4223: $? = 0
configure:4223: ./conftest
configure:4223: $? = 0
configure:4234: result: yes
configure:4247: checking for sys/types.h
configure:4247: gcc -c -g -O2  conftest.c >&5
configure:4247: $? = 0
configure:4247: result: yes
configure:4247: checking for sys/stat.h
configure:4247: gcc -c -g -O2  conftest.c >&5
configure:4247: $? = 0
configure:4247: result: yes
configure:4247: checking for stdlib.h
configure:4247: gcc -c -g -O2  conftest.c >&5
configure:4247: $? = 0
configure:4247: result: yes
configure:4247: checking for string.h
configure:4247: gcc -c -g -O2  conftest.c >&5
configure:4247: $? = 0
configure:4247: result: yes
configure:4247: checking for memory.h
configure:4247: gcc -c -g -O2  conftest.c >&5
configure:4247: $? = 0
configure:4247: result: yes
configure:4247: checking for strings.h
configure:4247: gcc -c -g -O2  conftest.c >&5
configure:4247: $? = 0
configure:4247: result: yes
configure:4247: checking for inttypes.h
configure:4247: gcc -c -g -O2  conftest.c >&5
configure:4247: $? = 0
configure:4247: result: yes
configure:4247: checking for stdint.h
configure:4247: gcc -c -g -O2  conftest.c >&5
configure:4247: $? = 0
configure:4247: result: yes
configure:4247: checking for unistd.h
configure:4247: gcc -c -g -O2  conftest.c >&5
configure:4247: $? = 0
configure:4247: result: yes
configure:4262: checking fcntl.h usability
configure:4262: gcc -c -g -O2  conftest.c >&5
configure:4262: $? = 0
configure:4262: result: yes
configure:4262: checking fcntl.h presence
configure:4262: gcc -E  conftest.c
configure:4262: $? = 0
configure:4262: result: yes
configure:4262: checking for fcntl.h
configure:4262: result: yes
configure:4262: checking limits.h usability
configure:4262: gcc -c -g -O2  conftest.c >&5
configure:4262: $? = 0
configure:4262: result: yes
configure:4262: checking limits.h presence
configure:4262: gcc -E  conftest.c
configure:4262: $? = 0
configure:4262: result: yes
configure:4262: checking for limits.h
configure:4262: result: yes
configure:4262: checking for stdint.h
configure:4262: result: yes
configure:4262: checking for stdlib.h
configure:4262: result: yes
configure:4262: checking for string.h
configure:4262: result: yes
configure:4262: checking sys/time.h usability
configure:4262: gcc -c -g -O2  conftest.c >&5
configure:4262: $? = 0
configure:4262: result: yes
configure:4262: checking sys/time.h presence
configure:4262: gcc -E  conftest.c
configure:4262: $? = 0
configure:4262: result: yes
configure:4262: checking for sys/time.h
configure:4262: result: yes
configure:4262: checking for unistd.h
configure:4262: result: yes
configure:4274: checking for inline
configure:4290: gcc -c -g -O2  conftest.c >&5
configure:4290: $? = 0
configure:4298: result: inline
configure:4316: checking for size_t
configure:4316: gcc -c -g -O2  conftest.c >&5
configure:4316: $? = 0
configure:4316: gcc -c -g -O2  conftest.c >&5
conftest.c: In function 'main':
conftest.c:67:21: error: expected expression before ')' token
configure:4316: $? = 1
configure: failed program was:
| /* confdefs.h */
| #define PACKAGE_NAME "bitshred_single_bdb"
| #define PACKAGE_TARNAME "bitshred_single_bdb"
| #define PACKAGE_VERSION "0.9"
| #define PACKAGE_STRING "bitshred_single_bdb 0.9"
| #define PACKAGE_BUGREPORT "jiyongj@cmu.edu"
| #define PACKAGE_URL ""
| #define PACKAGE "bitshred_single_bdb"
| #define VERSION "0.9"
| #define HAVE_LIBBFD 1
| #define HAVE_LIBDB 1
| #define HAVE_LIBOPCODES 1
| #define STDC_HEADERS 1
| #define HAVE_SYS_TYPES_H 1
| #define HAVE_SYS_STAT_H 1
| #define HAVE_STDLIB_H 1
| #define HAVE_STRING_H 1
| #define HAVE_MEMORY_H 1
| #define HAVE_STRINGS_H 1
| #define HAVE_INTTYPES_H 1
| #define HAVE_STDINT_H 1
| #define HAVE_UNISTD_H 1
| #define HAVE_FCNTL_H 1
| #define HAVE_LIMITS_H 1
| #define HAVE_STDINT_H 1
| #define HAVE_STDLIB_H 1
| #define HAVE_STRING_H 1
| #define HAVE_SYS_TIME_H 1
| #define HAVE_UNISTD_H 1
| /* end confdefs.h.  */
| #include <stdio.h>
| #ifdef HAVE_SYS_TYPES_H
| # include <sys/types.h>
| #endif
| #ifdef HAVE_SYS_STAT_H
| # include <sys/stat.h>
| #endif
| #ifdef STDC_HEADERS
| # include <stdlib.h>
| # include <stddef.h>
| #else
| # ifdef HAVE_STDLIB_H
| #  include <stdlib.h>
| # endif
| #endif
| #ifdef HAVE_STRING_H
| # if !defined STDC_HEADERS && defined HAVE_MEMORY_H
| #  include <memory.h>
| # endif
| # include <string.h>
| #endif
| #ifdef HAVE_STRINGS_H
| # include <strings.h>
| #endif
| #ifdef HAVE_INTTYPES_H
| # include <inttypes.h>
| #endif
| #ifdef HAVE_STDINT_H
| # include <stdint.h>
| #endif
| #ifdef HAVE_UNISTD_H
| # include <unistd.h>
| #endif
| int
| main ()
| {
| if (sizeof ((size_t)))
| 	    return 0;
|   ;
|   return 0;
| }
configure:4316: result: yes
configure:4327: checking for uint32_t
configure:4327: gcc -c -g -O2  conftest.c >&5
configure:4327: $? = 0
configure:4327: result: yes
configure:4341: checking for uint64_t
configure:4341: gcc -c -g -O2  conftest.c >&5
configure:4341: $? = 0
configure:4341: result: yes
configure:4355: checking for uint8_t
configure:4355: gcc -c -g -O2  conftest.c >&5
configure:4355: $? = 0
configure:4355: result: yes
configure:4373: checking for stdlib.h
configure:4373: result: yes
configure:4383: checking for GNU libc compatible malloc
configure:4407: gcc -o conftest -g -O2   conftest.c -lopcodes -ldb -lbfd  >&5
configure:4407: $? = 0
configure:4407: ./conftest
configure:4407: $? = 0
configure:4417: result: yes
configure:4440: checking for stdlib.h
configure:4440: result: yes
configure:4450: checking for GNU libc compatible realloc
configure:4474: gcc -o conftest -g -O2   conftest.c -lopcodes -ldb -lbfd  >&5
configure:4474: $? = 0
configure:4474: ./conftest
configure:4474: $? = 0
configure:4484: result: yes
configure:4508: checking for gettimeofday
configure:4508: gcc -o conftest -g -O2   conftest.c -lopcodes -ldb -lbfd  >&5
configure:4508: $? = 0
configure:4508: result: yes
configure:4508: checking for memset
configure:4508: gcc -o conftest -g -O2   conftest.c -lopcodes -ldb -lbfd  >&5
conftest.c:59:6: warning: conflicting types for built-in function 'memset' [enabled by default]
configure:4508: $? = 0
configure:4508: result: yes
configure:4508: checking for strdup
configure:4508: gcc -o conftest -g -O2   conftest.c -lopcodes -ldb -lbfd  >&5
conftest.c:60:6: warning: conflicting types for built-in function 'strdup' [enabled by default]
configure:4508: $? = 0
configure:4508: result: yes
configure:4508: checking for strrchr
configure:4508: gcc -o conftest -g -O2   conftest.c -lopcodes -ldb -lbfd  >&5
conftest.c:61:6: warning: conflicting types for built-in function 'strrchr' [enabled by default]
configure:4508: $? = 0
configure:4508: result: yes
configure:4686: creating ./config.status

## ---------------- ##
## Cache variables. ##
## ---------------- ##

ac_cv_c_compiler_gnu=yes
ac_cv_c_inline=inline
ac_cv_c_uint32_t=yes
ac_cv_c_uint64_t=yes
ac_cv_c_uint8_t=yes
ac_cv_env_CC_set=
ac_cv_env_CC_value=
ac_cv_env_CFLAGS_set=
ac_cv_env_CFLAGS_value=
ac_cv_env_CPPFLAGS_set=
ac_cv_env_CPPFLAGS_value=
ac_cv_env_CPP_set=
ac_cv_env_CPP_value=
ac_cv_env_LDFLAGS_set=
ac_cv_env_LDFLAGS_value=
ac_cv_env_LIBS_set=
ac_cv_env_LIBS_value=
ac_cv_env_build_alias_set=
ac_cv_env_build_alias_value=
ac_cv_env_host_alias_set=
ac_cv_env_host_alias_value=
ac_cv_env_target_alias_set=
ac_cv_env_target_alias_value=
ac_cv_func_gettimeofday=yes
ac_cv_func_malloc_0_nonnull=yes
ac_cv_func_memset=yes
ac_cv_func_realloc_0_nonnull=yes
ac_cv_func_strdup=yes
ac_cv_func_strrchr=yes
ac_cv_header_fcntl_h=yes
ac_cv_header_inttypes_h=yes
ac_cv_header_limits_h=yes
ac_cv_header_memory_h=yes
ac_cv_header_stdc=yes
ac_cv_header_stdint_h=yes
ac_cv_header_stdlib_h=yes
ac_cv_header_string_h=yes
ac_cv_header_strings_h=yes
ac_cv_header_sys_stat_h=yes
ac_cv_header_sys_time_h=yes
ac_cv_header_sys_types_h=yes
ac_cv_header_unistd_h=yes
ac_cv_lib_bfd_bfd_init=yes
ac_cv_lib_db_db_create=yes
ac_cv_lib_opcodes_init_disassemble_info=yes
ac_cv_objext=o
ac_cv_path_EGREP='/bin/grep -E'
ac_cv_path_GREP=/bin/grep
ac_cv_path_install='/usr/bin/install -c'
ac_cv_path_mkdir=/bin/mkdir
ac_cv_prog_AWK=mawk
ac_cv_prog_CPP='gcc -E'
ac_cv_prog_ac_ct_CC=gcc
ac_cv_prog_cc_c89=
ac_cv_prog_cc_g=yes
ac_cv_prog_make_make_set=yes
ac_cv_type_size_t=yes
am_cv_CC_dependencies_compiler_type=gcc3

## ----------------- ##
## Output variables. ##
## ----------------- ##

ACLOCAL='${SHELL} /home/jiyongj/projects/bitshred/trunk/bitshred_single_bdb/missing --run aclocal-1.11'
AMDEPBACKSLASH='\'
AMDEP_FALSE='#'
AMDEP_TRUE=''
AMTAR='${SHELL} /home/jiyongj/projects/bitshred/trunk/bitshred_single_bdb/missing --run tar'
AUTOCONF='${SHELL} /home/jiyongj/projects/bitshred/trunk/bitshred_single_bdb/missing --run autoconf'
AUTOHEADER='${SHELL} /home/jiyongj/projects/bitshred/trunk/bitshred_single_bdb/missing --run autoheader'
AUTOMAKE='${SHELL} /home/jiyongj/projects/bitshred/trunk/bitshred_single_bdb/missing --run automake-1.11'
AWK='mawk'
CC='gcc'
CCDEPMODE='depmode=gcc3'
CFLAGS='-g -O2'
CPP='gcc -E'
CPPFLAGS=''
CYGPATH_W='echo'
DEFS='-DPACKAGE_NAME=\"bitshred_single_bdb\" -DPACKAGE_TARNAME=\"bitshred_single_bdb\" -DPACKAGE_VERSION=\"0.9\" -DPACKAGE_STRING=\"bitshred_single_bdb\ 0.9\" -DPACKAGE_BUGREPORT=\"jiyongj@cmu.edu\" -DPACKAGE_URL=\"\" -DPACKAGE=\"bitshred_single_bdb\" -DVERSION=\"0.9\" -DHAVE_LIBBFD=1 -DHAVE_LIBDB=1 -DHAVE_LIBOPCODES=1 -DSTDC_HEADERS=1 -DHAVE_SYS_TYPES_H=1 -DHAVE_SYS_STAT_H=1 -DHAVE_STDLIB_H=1 -DHAVE_STRING_H=1 -DHAVE_MEMORY_H=1 -DHAVE_STRINGS_H=1 -DHAVE_INTTYPES_H=1 -DHAVE_STDINT_H=1 -DHAVE_UNISTD_H=1 -DHAVE_FCNTL_H=1 -DHAVE_LIMITS_H=1 -DHAVE_STDINT_H=1 -DHAVE_STDLIB_H=1 -DHAVE_STRING_H=1 -DHAVE_SYS_TIME_H=1 -DHAVE_UNISTD_H=1 -DHAVE_STDLIB_H=1 -DHAVE_MALLOC=1 -DHAVE_STDLIB_H=1 -DHAVE_REALLOC=1 -DHAVE_GETTIMEOFDAY=1 -DHAVE_MEMSET=1 -DHAVE_STRDUP=1 -DHAVE_STRRCHR=1'
DEPDIR='.deps'
ECHO_C=''
ECHO_N='-n'
ECHO_T=''
EGREP='/bin/grep -E'
EXEEXT=''
GREP='/bin/grep'
INSTALL_DATA='${INSTALL} -m 644'
INSTALL_PROGRAM='${INSTALL}'
INSTALL_SCRIPT='${INSTALL}'
INSTALL_STRIP_PROGRAM='$(install_sh) -c -s'
LDFLAGS=''
LIBOBJS=''
LIBS='-lopcodes -ldb -lbfd '
LTLIBOBJS=''
MAKEINFO='${SHELL} /home/jiyongj/projects/bitshred/trunk/bitshred_single_bdb/missing --run makeinfo'
MKDIR_P='/bin/mkdir -p'
OBJEXT='o'
PACKAGE='bitshred_single_bdb'
PACKAGE_BUGREPORT='jiyongj@cmu.edu'
PACKAGE_NAME='bitshred_single_bdb'
PACKAGE_STRING='bitshred_single_bdb 0.9'
PACKAGE_TARNAME='bitshred_single_bdb'
PACKAGE_URL=''
PACKAGE_VERSION='0.9'
PATH_SEPARATOR=':'
SET_MAKE=''
SHELL='/bin/bash'
STRIP=''
VERSION='0.9'
ac_ct_CC='gcc'
am__EXEEXT_FALSE=''
am__EXEEXT_TRUE='#'
am__fastdepCC_FALSE='#'
am__fastdepCC_TRUE=''
am__include='include'
am__isrc=''
am__leading_dot='.'
am__quote=''
am__tar='${AMTAR} chof - "$$tardir"'
am__untar='${AMTAR} xf -'
bindir='${exec_prefix}/bin'
build_alias=''
datadir='${datarootdir}'
datarootdir='${prefix}/share'
docdir='${datarootdir}/doc/${PACKAGE_TARNAME}'
dvidir='${docdir}'
exec_prefix='${prefix}'
host_alias=''
htmldir='${docdir}'
includedir='${prefix}/include'
infodir='${datarootdir}/info'
install_sh='${SHELL} /home/jiyongj/projects/bitshred/trunk/bitshred_single_bdb/install-sh'
libdir='${exec_prefix}/lib'
libexecdir='${exec_prefix}/libexec'
localedir='${datarootdir}/locale'
localstatedir='${prefix}/var'
mandir='${datarootdir}/man'
mkdir_p='/bin/mkdir -p'
oldincludedir='/usr/include'
pdfdir='${docdir}'
prefix='/usr/local'
program_transform_name='s,x,x,'
psdir='${docdir}'
sbindir='${exec_prefix}/sbin'
sharedstatedir='${prefix}/com'
sysconfdir='${prefix}/etc'
target_alias=''

## ----------- ##
## confdefs.h. ##
## ----------- ##

/* confdefs.h */
#define PACKAGE_NAME "bitshred_single_bdb"
#define PACKAGE_TARNAME "bitshred_single_bdb"
#define PACKAGE_VERSION "0.9"
#define PACKAGE_STRING "bitshred_single_bdb 0.9"
#define PACKAGE_BUGREPORT "jiyongj@cmu.edu"
#define PACKAGE_URL ""
#define PACKAGE "bitshred_single_bdb"
#define VERSION "0.9"
#define HAVE_LIBBFD 1
#define HAVE_LIBDB 1
#define HAVE_LIBOPCODES 1
#define STDC_HEADERS 1
#define HAVE_SYS_TYPES_H 1
#define HAVE_SYS_STAT_H 1
#define HAVE_STDLIB_H 1
#define HAVE_STRING_H 1
#define HAVE_MEMORY_H 1
#define HAVE_STRINGS_H 1
#define HAVE_INTTYPES_H 1
#define HAVE_STDINT_H 1
#define HAVE_UNISTD_H 1
#define HAVE_FCNTL_H 1
#define HAVE_LIMITS_H 1
#define HAVE_STDINT_H 1
#define HAVE_STDLIB_H 1
#define HAVE_STRING_H 1
#define HAVE_SYS_TIME_H 1
#define HAVE_UNISTD_H 1
#define HAVE_STDLIB_H 1
#define HAVE_MALLOC 1
#define HAVE_STDLIB_H 1
#define HAVE_REALLOC 1
#define HAVE_GETTIMEOFDAY 1
#define HAVE_MEMSET 1
#define HAVE_STRDUP 1
#define HAVE_STRRCHR 1

configure: exit 0

## ---------------------- ##
## Running config.status. ##
## ---------------------- ##

This file was extended by bitshred_single_bdb config.status 0.9, which was
generated by GNU Autoconf 2.68.  Invocation command line was

  CONFIG_FILES    = 
  CONFIG_HEADERS  = 
  CONFIG_LINKS    = 
  CONFIG_COMMANDS = 
  $ ./config.status 

on enigma

config.status:787: creating Makefile
config.status:787: creating src/Makefile
config.status:959: executing depfiles commands
